2017-08-03 07:23:04 -  - exec CUpdateClientPartner::SearchModulesEx
2017-08-03 07:23:04 -  - exec CUpdateClientPartner::__CollectRequestData
2017-08-03 07:23:04 -  - utf=Y&lang=ru&stable=Y&CANGZIP=Y&SUPD_DBS=MYSQL&XE=N&CLIENT_SITE=siluet.dev.letsrock.pro&LICENSE_KEY=X&SUPD_STS=1&SUPD_URS=0&SUPD_URSA=1&TYPENC=D&CLIENT_PHPVER=7.0.14&NGINX=Y&dbv=5.5.53&instm=main%2C17.0.9%2CY%3Babtest%2C17.0.0%2CN%3Bb24connector%2C17.0.1%2CN%3Bbitrix.eshop%2C17.0.0%2CN%3Bbitrix.sitecorporate%2C15.5.0%2CN%3Bbitrixcloud%2C17.0.0%2CN%3Bblog%2C17.5.2%2CN%3Bcatalog%2C17.0.9%2CN%3Bclouds%2C17.0.0%2CN%3Bcompression%2C16.0.0%2CN%3Bconversion%2C17.0.2%2CN%3Bcurrency%2C17.0.3%2CN%3Beshopapp%2C16.5.0%2CN%3Bfileman%2C17.5.0%2CN%3Bform%2C17.0.1%2CN%3Bforum%2C17.5.1%2CN%3Bhighloadblock%2C17.0.2%2CN%3Biblock%2C17.0.9%2CN%3Bmobileapp%2C17.0.1%2CN%3Bperfmon%2C17.0.0%2CN%3Bphotogallery%2C17.0.2%2CN%3Bpull%2C17.1.0%2CN%3Breport%2C16.5.1%2CN%3Bsale%2C17.0.24%2CN%3Bscale%2C17.0.0%2CN%3Bsearch%2C17.0.1%2CN%3Bsecurity%2C17.0.1%2CN%3Bsender%2C17.1.2%2CN%3Bseo%2C17.0.6%2CN%3Bsocialservices%2C17.1.4%2CN%3Bstoreassist%2C16.0.1%2CN%3Bsubscribe%2C17.0.0%2CN%3Btranslate%2C15.0.0%2CN%3Bvote%2C17.5.0%2CN&search_module_id=&search_module=&search_category=7%2C14&search_type=&search_order=DESC&search_order_by=SORT&search_page=1&SUPD_SRS=RU&SUPD_CMP=N
2017-08-03 07:23:04 -  - exec CUpdateClientPartner::GetHTTPPage
2017-08-03 07:23:06 -  - TIME SearchModulesEx(request) 1.525 sec
2017-08-03 07:23:06 -  - exec CUpdateClientPartner::ParseServerData
2017-08-03 07:23:28 -  - exec CUpdateClientPartner::LoadModulesUpdates
2017-08-03 07:23:28 -  - exec CUpdateClientPartner::__CollectRequestData
2017-08-03 07:23:29 -  - utf=Y&lang=ru&stable=Y&CANGZIP=Y&SUPD_DBS=MYSQL&XE=N&CLIENT_SITE=siluet.dev.letsrock.pro&LICENSE_KEY=X&SUPD_STS=1&SUPD_URS=0&SUPD_URSA=1&TYPENC=D&CLIENT_PHPVER=7.0.14&NGINX=Y&dbv=5.5.53&instm=main%2C17.0.9%2CY%3Babtest%2C17.0.0%2CN%3Bb24connector%2C17.0.1%2CN%3Bbitrix.eshop%2C17.0.0%2CN%3Bbitrix.sitecorporate%2C15.5.0%2CN%3Bbitrixcloud%2C17.0.0%2CN%3Bblog%2C17.5.2%2CN%3Bcatalog%2C17.0.9%2CN%3Bclouds%2C17.0.0%2CN%3Bcompression%2C16.0.0%2CN%3Bconversion%2C17.0.2%2CN%3Bcurrency%2C17.0.3%2CN%3Beshopapp%2C16.5.0%2CN%3Bfileman%2C17.5.0%2CN%3Bform%2C17.0.1%2CN%3Bforum%2C17.5.1%2CN%3Bhighloadblock%2C17.0.2%2CN%3Biblock%2C17.0.9%2CN%3Bmobileapp%2C17.0.1%2CN%3Bperfmon%2C17.0.0%2CN%3Bphotogallery%2C17.0.2%2CN%3Bpull%2C17.1.0%2CN%3Breport%2C16.5.1%2CN%3Bsale%2C17.0.24%2CN%3Bscale%2C17.0.0%2CN%3Bsearch%2C17.0.1%2CN%3Bsecurity%2C17.0.1%2CN%3Bsender%2C17.1.2%2CN%3Bseo%2C17.0.6%2CN%3Bsocialservices%2C17.1.4%2CN%3Bstoreassist%2C16.0.1%2CN%3Bsubscribe%2C17.0.0%2CN%3Btranslate%2C15.0.0%2CN%3Bvote%2C17.5.0%2CN&reqm=nsandrey.emptyinstall&lim=Y&SUPD_SRS=RU&SUPD_CMP=N
2017-08-03 07:23:29 -  - exec CUpdateClientPartner::GetHTTPPage
2017-08-03 07:23:29 -  - TIME LoadModulesUpdates(request) 0.404 sec
2017-08-03 07:23:29 -  - exec CUpdateClientPartner::ParseServerData
2017-08-03 07:23:29 - S - STEP
2017-08-03 07:23:29 - LM4W01 - loadModule4Wizard-Step
2017-08-03 07:23:30 -  - exec CUpdateClientPartner::LoadModulesUpdates
2017-08-03 07:23:30 -  - exec CUpdateClientPartner::ParseServerData
2017-08-03 07:23:30 -  - loadFile
2017-08-03 07:23:30 - U - RETURN
2017-08-03 07:23:30 -  - exec CUpdateClientPartner::UnGzipArchive
2017-08-03 07:23:30 -  - TIME UnGzipArchive 0.089 sec
2017-08-03 07:23:30 -  - TIME UpdateStepModules 0.25 sec
2017-08-03 07:23:31 -  - exec CUpdateClientPartner::LoadModulesUpdates
2017-08-03 07:23:31 -  - exec CUpdateClientPartner::__CollectRequestData
2017-08-03 07:23:31 -  - utf=Y&lang=ru&stable=Y&CANGZIP=Y&SUPD_DBS=MYSQL&XE=N&CLIENT_SITE=siluet.dev.letsrock.pro&LICENSE_KEY=X&SUPD_STS=1&SUPD_URS=0&SUPD_URSA=1&TYPENC=D&CLIENT_PHPVER=7.0.14&NGINX=Y&dbv=5.5.53&instm=main%2C17.0.9%2CY%3Babtest%2C17.0.0%2CN%3Bb24connector%2C17.0.1%2CN%3Bbitrix.eshop%2C17.0.0%2CN%3Bbitrix.sitecorporate%2C15.5.0%2CN%3Bbitrixcloud%2C17.0.0%2CN%3Bblog%2C17.5.2%2CN%3Bcatalog%2C17.0.9%2CN%3Bclouds%2C17.0.0%2CN%3Bcompression%2C16.0.0%2CN%3Bconversion%2C17.0.2%2CN%3Bcurrency%2C17.0.3%2CN%3Beshopapp%2C16.5.0%2CN%3Bfileman%2C17.5.0%2CN%3Bform%2C17.0.1%2CN%3Bforum%2C17.5.1%2CN%3Bhighloadblock%2C17.0.2%2CN%3Biblock%2C17.0.9%2CN%3Bmobileapp%2C17.0.1%2CN%3Bnsandrey.emptyinstall%2C1.0.2%2CN%3Bperfmon%2C17.0.0%2CN%3Bphotogallery%2C17.0.2%2CN%3Bpull%2C17.1.0%2CN%3Breport%2C16.5.1%2CN%3Bsale%2C17.0.24%2CN%3Bscale%2C17.0.0%2CN%3Bsearch%2C17.0.1%2CN%3Bsecurity%2C17.0.1%2CN%3Bsender%2C17.1.2%2CN%3Bseo%2C17.0.6%2CN%3Bsocialservices%2C17.1.4%2CN%3Bstoreassist%2C16.0.1%2CN%3Bsubscribe%2C17.0.0%2CN%3Btranslate%2C15.0.0%2CN%3Bvote%2C17.5.0%2CN&reqm=nsandrey.emptyinstall&lim=Y&SUPD_SRS=RU&SUPD_CMP=N
2017-08-03 07:23:31 -  - exec CUpdateClientPartner::GetHTTPPage
2017-08-03 07:23:32 -  - TIME LoadModulesUpdates(request) 0.365 sec
2017-08-03 07:23:32 -  - exec CUpdateClientPartner::ParseServerData
2017-08-03 07:23:32 - STEP - Finish - NOUPDATES
2017-08-03 07:23:32 - LM4W03 - Finish - NOUPDATES
2017-08-06 18:31:44 -  - exec CUpdateClientPartner::GetUpdatesList
2017-08-06 18:31:44 -  - exec CUpdateClientPartner::__CollectRequestData
2017-08-06 18:31:46 -  - utf=Y&lang=ru&stable=Y&CANGZIP=Y&SUPD_DBS=MYSQL&XE=N&CLIENT_SITE=siluet.dev.letsrock.pro&LICENSE_KEY=X&SUPD_STS=1&SUPD_URS=0&SUPD_URSA=1&TYPENC=D&CLIENT_PHPVER=7.0.14&NGINX=Y&dbv=5.5.53&instm=main%2C17.0.9%2CY%3Babtest%2C17.0.0%2CN%3Bb24connector%2C17.0.1%2CN%3Bbitrix.eshop%2C17.0.0%2CN%3Bbitrix.sitecorporate%2C15.5.0%2CN%3Bbitrixcloud%2C17.0.0%2CN%3Bblog%2C17.5.2%2CN%3Bcatalog%2C17.0.9%2CN%3Bclouds%2C17.0.0%2CN%3Bcompression%2C16.0.0%2CN%3Bconversion%2C17.0.2%2CN%3Bcurrency%2C17.0.3%2CN%3Beshopapp%2C16.5.0%2CN%3Bfileman%2C17.5.0%2CN%3Bform%2C17.0.1%2CN%3Bforum%2C17.5.1%2CN%3Bhighloadblock%2C17.0.2%2CN%3Biblock%2C17.0.9%2CN%3Bmobileapp%2C17.0.1%2CN%3Bnsandrey.emptyinstall%2C1.0.2%2CN%3Bperfmon%2C17.0.0%2CN%3Bphotogallery%2C17.0.2%2CN%3Bpull%2C17.1.0%2CN%3Breport%2C16.5.1%2CN%3Bsale%2C17.0.24%2CN%3Bscale%2C17.0.0%2CN%3Bsearch%2C17.0.1%2CN%3Bsecurity%2C17.0.1%2CN%3Bsender%2C17.1.2%2CN%3Bseo%2C17.0.6%2CN%3Bsocialservices%2C17.1.4%2CN%3Bstoreassist%2C16.0.1%2CN%3Bsubscribe%2C17.0.0%2CN%3Btranslate%2C15.0.0%2CN%3Bvote%2C17.5.0%2CN&reqm=bitrix.eshop%2Cbitrix.sitecorporate%2Cnsandrey.emptyinstall%2Cnbrains.loadajaxcontent&SUPD_SRS=RU&SUPD_CMP=N
2017-08-06 18:31:46 -  - exec CUpdateClientPartner::GetHTTPPage
2017-08-06 18:31:51 -  - TIME GetUpdatesList(request) 4.605 sec
2017-08-06 18:31:51 -  - exec CUpdateClientPartner::ParseServerData
2017-08-06 18:32:27 -  - exec CUpdateClientPartner::LoadModulesUpdates
2017-08-06 18:32:27 -  - exec CUpdateClientPartner::__CollectRequestData
2017-08-06 18:32:27 -  - utf=Y&lang=ru&stable=Y&CANGZIP=Y&SUPD_DBS=MYSQL&XE=N&CLIENT_SITE=siluet.dev.letsrock.pro&LICENSE_KEY=X&SUPD_STS=1&SUPD_URS=0&SUPD_URSA=1&TYPENC=D&CLIENT_PHPVER=7.0.14&NGINX=Y&dbv=5.5.53&instm=main%2C17.0.9%2CY%3Babtest%2C17.0.0%2CN%3Bb24connector%2C17.0.1%2CN%3Bbitrix.eshop%2C17.0.0%2CN%3Bbitrix.sitecorporate%2C15.5.0%2CN%3Bbitrixcloud%2C17.0.0%2CN%3Bblog%2C17.5.2%2CN%3Bcatalog%2C17.0.9%2CN%3Bclouds%2C17.0.0%2CN%3Bcompression%2C16.0.0%2CN%3Bconversion%2C17.0.2%2CN%3Bcurrency%2C17.0.3%2CN%3Beshopapp%2C16.5.0%2CN%3Bfileman%2C17.5.0%2CN%3Bform%2C17.0.1%2CN%3Bforum%2C17.5.1%2CN%3Bhighloadblock%2C17.0.2%2CN%3Biblock%2C17.0.9%2CN%3Bmobileapp%2C17.0.1%2CN%3Bnsandrey.emptyinstall%2C1.0.2%2CN%3Bperfmon%2C17.0.0%2CN%3Bphotogallery%2C17.0.2%2CN%3Bpull%2C17.1.0%2CN%3Breport%2C16.5.1%2CN%3Bsale%2C17.0.24%2CN%3Bscale%2C17.0.0%2CN%3Bsearch%2C17.0.1%2CN%3Bsecurity%2C17.0.1%2CN%3Bsender%2C17.1.2%2CN%3Bseo%2C17.0.6%2CN%3Bsocialservices%2C17.1.4%2CN%3Bstoreassist%2C16.0.1%2CN%3Bsubscribe%2C17.0.0%2CN%3Btranslate%2C15.0.0%2CN%3Bvote%2C17.5.0%2CN&reqm=nbrains.loadajaxcontent&lim=Y&SUPD_SRS=RU&SUPD_CMP=N
2017-08-06 18:32:27 -  - exec CUpdateClientPartner::GetHTTPPage
2017-08-06 18:32:28 -  - TIME LoadModulesUpdates(request) 0.519 sec
2017-08-06 18:32:28 -  - exec CUpdateClientPartner::ParseServerData
2017-08-06 18:32:28 - S - STEP
2017-08-06 18:32:28 - LMU01 - LoadModulesUpdates-Step
2017-08-06 18:32:29 -  - exec CUpdateClientPartner::LoadModulesUpdates
2017-08-06 18:32:29 -  - exec CUpdateClientPartner::ParseServerData
2017-08-06 18:32:29 -  - loadFile
2017-08-06 18:32:29 - U - RETURN
2017-08-06 18:32:29 -  - exec CUpdateClientPartner::UnGzipArchive
2017-08-06 18:32:30 -  - TIME UnGzipArchive 0.35 sec
2017-08-06 18:32:30 -  - TIME UpdateStepModules 0.616 sec
2017-08-06 18:32:30 - UPD_SUCCESS - Updated: nbrains.loadajaxcontent
2017-08-06 18:32:32 -  - exec CUpdateClientPartner::LoadModulesUpdates
2017-08-06 18:32:32 -  - exec CUpdateClientPartner::__CollectRequestData
2017-08-06 18:32:32 -  - utf=Y&lang=ru&stable=Y&CANGZIP=Y&SUPD_DBS=MYSQL&XE=N&CLIENT_SITE=siluet.dev.letsrock.pro&LICENSE_KEY=X&SUPD_STS=1&SUPD_URS=0&SUPD_URSA=1&TYPENC=D&CLIENT_PHPVER=7.0.14&NGINX=Y&dbv=5.5.53&instm=main%2C17.0.9%2CY%3Babtest%2C17.0.0%2CN%3Bb24connector%2C17.0.1%2CN%3Bbitrix.eshop%2C17.0.0%2CN%3Bbitrix.sitecorporate%2C15.5.0%2CN%3Bbitrixcloud%2C17.0.0%2CN%3Bblog%2C17.5.2%2CN%3Bcatalog%2C17.0.9%2CN%3Bclouds%2C17.0.0%2CN%3Bcompression%2C16.0.0%2CN%3Bconversion%2C17.0.2%2CN%3Bcurrency%2C17.0.3%2CN%3Beshopapp%2C16.5.0%2CN%3Bfileman%2C17.5.0%2CN%3Bform%2C17.0.1%2CN%3Bforum%2C17.5.1%2CN%3Bhighloadblock%2C17.0.2%2CN%3Biblock%2C17.0.9%2CN%3Bmobileapp%2C17.0.1%2CN%3Bnbrains.loadajaxcontent%2C1.0.0%2CN%3Bnsandrey.emptyinstall%2C1.0.2%2CN%3Bperfmon%2C17.0.0%2CN%3Bphotogallery%2C17.0.2%2CN%3Bpull%2C17.1.0%2CN%3Breport%2C16.5.1%2CN%3Bsale%2C17.0.24%2CN%3Bscale%2C17.0.0%2CN%3Bsearch%2C17.0.1%2CN%3Bsecurity%2C17.0.1%2CN%3Bsender%2C17.1.2%2CN%3Bseo%2C17.0.6%2CN%3Bsocialservices%2C17.1.4%2CN%3Bstoreassist%2C16.0.1%2CN%3Bsubscribe%2C17.0.0%2CN%3Btranslate%2C15.0.0%2CN%3Bvote%2C17.5.0%2CN&reqm=nbrains.loadajaxcontent&lim=Y&SUPD_SRS=RU&SUPD_CMP=N
2017-08-06 18:32:32 -  - exec CUpdateClientPartner::GetHTTPPage
2017-08-06 18:32:32 -  - TIME LoadModulesUpdates(request) 0.531 sec
2017-08-06 18:32:32 -  - exec CUpdateClientPartner::ParseServerData
2017-08-06 18:32:32 - STEP - Finish - NOUPDATES
2017-08-06 18:32:32 - STEP - Finish - NOUPDATES
2017-08-06 18:32:38 -  - exec CUpdateClientPartner::GetUpdatesList
2017-08-06 18:32:38 -  - exec CUpdateClientPartner::__CollectRequestData
2017-08-06 18:32:39 -  - utf=Y&lang=ru&stable=Y&CANGZIP=Y&SUPD_DBS=MYSQL&XE=N&CLIENT_SITE=siluet.dev.letsrock.pro&LICENSE_KEY=X&SUPD_STS=1&SUPD_URS=0&SUPD_URSA=1&TYPENC=D&CLIENT_PHPVER=7.0.14&NGINX=Y&dbv=5.5.53&instm=main%2C17.0.9%2CY%3Babtest%2C17.0.0%2CN%3Bb24connector%2C17.0.1%2CN%3Bbitrix.eshop%2C17.0.0%2CN%3Bbitrix.sitecorporate%2C15.5.0%2CN%3Bbitrixcloud%2C17.0.0%2CN%3Bblog%2C17.5.2%2CN%3Bcatalog%2C17.0.9%2CN%3Bclouds%2C17.0.0%2CN%3Bcompression%2C16.0.0%2CN%3Bconversion%2C17.0.2%2CN%3Bcurrency%2C17.0.3%2CN%3Beshopapp%2C16.5.0%2CN%3Bfileman%2C17.5.0%2CN%3Bform%2C17.0.1%2CN%3Bforum%2C17.5.1%2CN%3Bhighloadblock%2C17.0.2%2CN%3Biblock%2C17.0.9%2CN%3Bmobileapp%2C17.0.1%2CN%3Bnbrains.loadajaxcontent%2C1.0.0%2CN%3Bnsandrey.emptyinstall%2C1.0.2%2CN%3Bperfmon%2C17.0.0%2CN%3Bphotogallery%2C17.0.2%2CN%3Bpull%2C17.1.0%2CN%3Breport%2C16.5.1%2CN%3Bsale%2C17.0.24%2CN%3Bscale%2C17.0.0%2CN%3Bsearch%2C17.0.1%2CN%3Bsecurity%2C17.0.1%2CN%3Bsender%2C17.1.2%2CN%3Bseo%2C17.0.6%2CN%3Bsocialservices%2C17.1.4%2CN%3Bstoreassist%2C16.0.1%2CN%3Bsubscribe%2C17.0.0%2CN%3Btranslate%2C15.0.0%2CN%3Bvote%2C17.5.0%2CN&reqm=bitrix.eshop%2Cbitrix.sitecorporate%2Cnbrains.loadajaxcontent%2Cnsandrey.emptyinstall&fullmoduleinfo=Y&SUPD_SRS=RU&SUPD_CMP=N
2017-08-06 18:32:39 -  - exec CUpdateClientPartner::GetHTTPPage
2017-08-06 18:32:39 -  - TIME GetUpdatesList(request) 0.561 sec
2017-08-06 18:32:39 -  - exec CUpdateClientPartner::ParseServerData
