2017-Aug-22 13:32:46 Наличие необходимых модулей php (check_php_modules): Ok
Все необходимые модули установлены
2017-Aug-22 13:32:46 Обязательные параметры PHP (check_php_settings): Fail
Ошибка! Параметр opcache.revalidate_freq = 2, требуется offЗначение max_input_vars должно быть не ниже 10000. Текущее значение: 1000
2017-Aug-22 13:32:47 Модули веб-сервера (check_security): Warning
Замечание. Загружен модуль mod_dav/mod_dav_fs, WebDav не будет работать
2017-Aug-22 13:32:47 Значения переменных сервера (check_server_vars): Ok
Корректные
2017-Aug-22 13:32:47 Сохранение сессии (check_session): Ok
50% done
2017-Aug-22 13:32:47 Сохранение сессии (check_session): Ok
Успешно
2017-Aug-22 13:32:47 Параметры настройки UTF (mbstring и константа BX_UTF) (check_mbstring): Ok
Правильные. Сайт работает в UTF кодировке
2017-Aug-22 13:32:47 Служебные скрипты в корне сайта (check_install_scripts): Ok
Отсутствуют
2017-Aug-22 13:32:47 Работа с сокетами (check_socket): Ok
Connection to siluet.test.letsrock.pro:80	Success

Успешно
2017-Aug-22 13:32:48 Выполнение агентов на cron (check_bx_crontab): Warning
Замечание. Агенты выполняются на хитах, рекомендуется перевести выполнение агентов на cron
2017-Aug-22 13:32:48 Параметры подключения к базе данных (check_dbconn_settings): Ok
Успешно
2017-Aug-22 13:32:48 Лишний вывод в файлах конфигурации (check_dbconn): Ok
Connection to siluet.test.letsrock.pro:80	Success

Успешно
2017-Aug-22 13:32:49 Сохранение сессии без UserAgent (check_session_ua): Ok
50% done
Connection to siluet.test.letsrock.pro:80	Success

2017-Aug-22 13:32:49 Сохранение сессии без UserAgent (check_session_ua): Ok
Connection to siluet.test.letsrock.pro:80	Success

Успешно
2017-Aug-22 13:32:49 Настройки сайтов (check_sites): Ok
Правильные
2017-Aug-22 13:32:49 Передача объектов по ссылке (check_clone): Ok
Успешно
2017-Aug-22 13:32:49 Размер стека и pcre.recursion_limit (check_pcre_recursion): Warning
Connection to siluet.test.letsrock.pro:80	Success

Замечание. Возможны проблемы в работе с длинными строками из-за системных ограничений
2017-Aug-22 13:32:49 Загрузка файла (check_upload): Ok
Connection to siluet.test.letsrock.pro:80	Success

Успешно
2017-Aug-22 13:32:49 Загрузка файла больше 4Мб (check_upload_big): Ok
Connection to siluet.test.letsrock.pro:80	Success

Успешно
2017-Aug-22 13:32:50 Загрузка файла через php://input (check_upload_raw): Ok
Connection to siluet.test.letsrock.pro:80	Success

Успешно
2017-Aug-22 13:32:50 Передача POST запроса с большим числом параметров (check_post): Ok
Connection to siluet.test.letsrock.pro:80	Success

Успешно
2017-Aug-22 13:32:50 Отправка почты (check_mail): Ok
Успешно
2017-Aug-22 13:32:51 Отправка почтового сообщения больше 64Кб (check_mail_big): Ok
Успешно
2017-Aug-22 13:32:51 Проверка на наличие неотправленных сообщений (check_mail_b_event): Ok
Успешно
2017-Aug-22 13:32:51 Внутреннее перенаправление (функция LocalRedirect) (check_localredirect): Ok
50% done
Connection to siluet.test.letsrock.pro:80	Success

2017-Aug-22 13:32:51 Внутреннее перенаправление (функция LocalRedirect) (check_localredirect): Ok
Connection to siluet.test.letsrock.pro:80	Success

Успешно
2017-Aug-22 13:32:51 Фактическое ограничение памяти (check_memory_limit): Ok
20% done
Connection to siluet.test.letsrock.pro:80	Success

2017-Aug-22 13:32:51 Фактическое ограничение памяти (check_memory_limit): Ok
40% done
Connection to siluet.test.letsrock.pro:80	Success

2017-Aug-22 13:32:51 Фактическое ограничение памяти (check_memory_limit): Ok
60% done
Connection to siluet.test.letsrock.pro:80	Success

2017-Aug-22 13:32:52 Фактическое ограничение памяти (check_memory_limit): Ok
80% done
Connection to siluet.test.letsrock.pro:80	Success

2017-Aug-22 13:32:52 Фактическое ограничение памяти (check_memory_limit): Warning
Connection to siluet.test.letsrock.pro:80	Success

Замечание. Не менее 256 М Значение memory_limit было увеличено с 128M до 512M на момент тестирования через ini_set.
2017-Aug-22 13:32:52 Работа с файлами кеша (check_cache): Ok
Успешно
2017-Aug-22 13:32:52 Доступ к серверу обновлений (check_update): Ok
Успешно
2017-Aug-22 13:32:52 HTTP авторизация (check_http_auth): Ok
Connection to siluet.test.letsrock.pro:80	Success

Успешно
2017-Aug-22 13:32:52 Создание и запуск файла (check_exec): Ok
Connection to siluet.test.letsrock.pro:80	Success

Успешно
2017-Aug-22 13:32:52 Функция getimagesize для swf (check_getimagesize): Ok
Успешно
2017-Aug-22 13:32:53 Версия MySQL-сервера (check_mysql_bug_version): Ok
Успешно
2017-Aug-22 13:32:54 Время на БД и веб-сервере (check_mysql_time): Ok
Успешно
2017-Aug-22 13:32:54 Режим работы MySQL (check_mysql_mode): Ok
Успешно
2017-Aug-22 13:32:54 Кодировка соединения (check_mysql_connection_charset): Ok
character_set_connection=utf8, collation_connection=utf8_unicode_ci, character_set_results=utf8
Успешно
2017-Aug-22 13:32:54 Кодировка базы данных (check_mysql_db_charset): Ok
CHARSET=utf8, COLLATION=utf8_unicode_ci
Успешно
2017-Aug-22 13:32:54 Кодировки таблиц в БД (check_mysql_table_charset): Ok
Успешно
2017-Aug-22 13:32:55 Структура базы данных (check_mysql_table_structure): Ok
0% done
2017-Aug-22 13:32:55 Структура базы данных (check_mysql_table_structure): Ok
3% done
2017-Aug-22 13:32:55 Структура базы данных (check_mysql_table_structure): Ok
6% done
2017-Aug-22 13:32:55 Структура базы данных (check_mysql_table_structure): Ok
9% done
2017-Aug-22 13:32:55 Структура базы данных (check_mysql_table_structure): Ok
12% done
2017-Aug-22 13:32:56 Структура базы данных (check_mysql_table_structure): Ok
15% done
2017-Aug-22 13:32:56 Структура базы данных (check_mysql_table_structure): Ok
18% done
2017-Aug-22 13:32:57 Структура базы данных (check_mysql_table_structure): Ok
21% done
2017-Aug-22 13:32:57 Структура базы данных (check_mysql_table_structure): Ok
25% done
2017-Aug-22 13:32:58 Структура базы данных (check_mysql_table_structure): Ok
28% done
2017-Aug-22 13:33:00 Структура базы данных (check_mysql_table_structure): Ok
31% done
2017-Aug-22 13:33:00 Структура базы данных (check_mysql_table_structure): Ok
34% done
2017-Aug-22 13:33:00 Структура базы данных (check_mysql_table_structure): Ok
37% done
2017-Aug-22 13:33:00 Структура базы данных (check_mysql_table_structure): Ok
40% done
2017-Aug-22 13:33:00 Структура базы данных (check_mysql_table_structure): Ok
43% done
2017-Aug-22 13:33:03 Структура базы данных (check_mysql_table_structure): Ok
46% done
2017-Aug-22 13:33:03 Структура базы данных (check_mysql_table_structure): Ok
50% done
2017-Aug-22 13:33:03 Структура базы данных (check_mysql_table_structure): Ok
53% done
2017-Aug-22 13:33:03 Структура базы данных (check_mysql_table_structure): Ok
56% done
2017-Aug-22 13:33:03 Структура базы данных (check_mysql_table_structure): Ok
59% done
2017-Aug-22 13:33:04 Структура базы данных (check_mysql_table_structure): Ok
62% done
2017-Aug-22 13:33:04 Структура базы данных (check_mysql_table_structure): Ok
65% done
2017-Aug-22 13:33:14 Структура базы данных (check_mysql_table_structure): Ok
68% done
2017-Aug-22 13:33:15 Структура базы данных (check_mysql_table_structure): Ok
71% done
2017-Aug-22 13:33:18 Структура базы данных (check_mysql_table_structure): Ok
75% done
2017-Aug-22 13:33:18 Структура базы данных (check_mysql_table_structure): Ok
78% done
2017-Aug-22 13:33:18 Структура базы данных (check_mysql_table_structure): Ok
81% done
2017-Aug-22 13:33:18 Структура базы данных (check_mysql_table_structure): Ok
84% done
2017-Aug-22 13:33:19 Структура базы данных (check_mysql_table_structure): Ok
87% done
2017-Aug-22 13:33:22 Структура базы данных (check_mysql_table_structure): Ok
90% done
2017-Aug-22 13:33:22 Структура базы данных (check_mysql_table_structure): Ok
93% done
2017-Aug-22 13:33:30 Структура базы данных (check_mysql_table_structure): Ok
96% done
2017-Aug-22 13:33:30 Структура базы данных (check_mysql_table_structure): Ok
Успешно
